2026-06-13 13:32:11,103 - TypingGame - INFO - 正在执行启动前初始化...
2026-06-13 13:32:11,113 - TypingGame - DEBUG - 成功写入文件: E:\coursework\t\data\json\gamerData.json
2026-06-13 13:32:11,123 - TypingGame - DEBUG - 成功写入文件: E:\coursework\t\data\json\vocabularyList.json
2026-06-13 13:32:11,123 - TypingGame - DEBUG - 成功写入文件: E:\coursework\t\data\json\mistakeList.json
2026-06-13 13:32:11,128 - TypingGame - DEBUG - 成功写入文件: E:\coursework\t\data\json\config.json
2026-06-13 13:32:11,134 - TypingGame - INFO - 初始化完成，服务启动中...
2026-06-13 13:32:11,134 - TypingGame - INFO - Flask后端服务启动在 http://localhost:5000
2026-06-13 13:33:12,009 - TypingGame - INFO - 正在执行启动前初始化...
2026-06-13 13:33:12,037 - TypingGame - INFO - 初始化完成，服务启动中...
2026-06-13 13:33:12,037 - TypingGame - INFO - Flask后端服务启动在 http://localhost:5000
2026-06-13 13:33:42,464 - TypingGame - INFO - 正在执行启动前初始化...
2026-06-13 13:33:42,464 - TypingGame - INFO - 初始化完成，服务启动中...
2026-06-13 13:33:42,469 - TypingGame - INFO - Flask后端服务启动在 http://localhost:5000
2026-06-13 13:35:23,495 - TypingGame - INFO - 正在执行启动前初始化...
2026-06-13 13:35:23,495 - TypingGame - INFO - 初始化完成，服务启动中...
2026-06-13 13:35:23,495 - TypingGame - INFO - Flask后端服务启动在 http://localhost:5000
2026-06-13 13:42:55,245 - TypingGame - INFO - 正在执行启动前初始化...
2026-06-13 13:42:55,245 - TypingGame - INFO - 初始化完成，服务启动中...
2026-06-13 13:42:55,245 - TypingGame - INFO - Flask后端服务启动在 http://localhost:5000
2026-06-13 13:44:46,376 - TypingGame - INFO - 正在执行启动前初始化...
2026-06-13 13:44:46,379 - TypingGame - INFO - 初始化完成，服务启动中...
2026-06-13 13:44:46,379 - TypingGame - INFO - Flask后端服务启动在 http://localhost:5000
2026-06-13 13:45:31,112 - TypingGame - INFO - 正在执行启动前初始化...
2026-06-13 13:45:31,112 - TypingGame - INFO - 初始化完成，服务启动中...
2026-06-13 13:45:31,112 - TypingGame - INFO - Flask后端服务启动在 http://localhost:5000
2026-06-13 13:48:00,541 - TypingGame - INFO - 正在执行启动前初始化...
2026-06-13 13:48:00,545 - TypingGame - INFO - 初始化完成，服务启动中...
2026-06-13 13:48:00,545 - TypingGame - INFO - Flask后端服务启动在 http://localhost:5000
2026-06-13 13:48:57,469 - TypingGame - INFO - 正在执行启动前初始化...
2026-06-13 13:48:57,472 - TypingGame - INFO - 初始化完成，服务启动中...
2026-06-13 13:48:57,472 - TypingGame - INFO - Flask后端服务启动在 http://localhost:5000
2026-06-13 13:49:27,512 - TypingGame - INFO - 正在执行启动前初始化...
2026-06-13 13:49:27,515 - TypingGame - INFO - 初始化完成，服务启动中...
2026-06-13 13:49:27,515 - TypingGame - INFO - Flask后端服务启动在 http://localhost:5000
